<?xml version="1.0" encoding="UTF-8"?>
<testsuites name="Regression Test" time="42.967" tests="12" failures="0" errors="0">
   <testsuite name="Regression Test" tests="12" failures="0" errors="0" time="42.967" skipped="0" timestamp="05-09-2024T17:49:27" hostname="Majoo - host.docker.internal" id="Test Suites/Regression Test">
      <properties>
         <property name="deviceName" value=""/>
         <property name="devicePlatform"/>
         <property name="logFolder" value="C:\\Users\\Majoo\\git\\reqres-API-test\\Reports\\20240905_174904\\Regression Test\\20240905_174904"/>
         <property name="logFiles" value="C:\\Users\\Majoo\\git\\reqres-API-test\\Reports\\20240905_174904\\Regression Test\\20240905_174904\\execution0.log"/>
         <property name="attachments" value=""/>
         <property name="hostName" value="Majoo - host.docker.internal"/>
         <property name="hostAddress" value="192.168.100.26"/>
         <property name="os" value="Windows 10 64bit"/>
         <property name="katalonVersion" value="9.5.0.217"/>
      </properties>
      <testcase name="Test Cases/TC01-Validation Response and verify JSON Value" time="16.532" classname="Test Cases/TC01-Validation Response and verify JSON Value" status="PASSED">
         <system-out><![CDATA[05-09-2024T17:49:28 - [TEST_CASE][PASSED] - Test Cases/TC01-Validation Response and verify JSON Value: Test Cases/TC01-Validation Response and verify JSON Value

05-09-2024T17:49:30 - [TEST_STEP][PASSED] - sendRequest(findTestObject("Get User/List User by page 1")): Send request successfully

05-09-2024T17:49:38 - [MESSAGE][INFO] - HAR: C:\Users\Majoo\git\reqres-API-test\Reports\20240905_174904\Regression Test\20240905_174904\requests\main\0.har

05-09-2024T17:49:38 - [MESSAGE][PASSED] - Send request successfully

05-09-2024T17:49:39 - [TEST_STEP][PASSED] - response = sendRequestAndVerify(findTestObject("Get User/List User by page 1")): Send request and verify the response successfully

05-09-2024T17:49:39 - [MESSAGE][INFO] - HAR: C:\Users\Majoo\git\reqres-API-test\Reports\20240905_174904\Regression Test\20240905_174904\requests\main\1.har

05-09-2024T17:49:39 - [TEST_CASE][PASSED] - Start Test Case : Verification: Verification accomplished successfully

05-09-2024T17:49:42 - [TEST_STEP][PASSED] - request = getInstance().getCurrentRequest(): null

05-09-2024T17:49:42 - [TEST_STEP][PASSED] - response = getInstance().getCurrentResponse(): null

05-09-2024T17:49:42 - [TEST_STEP][PASSED] - verifyResponseStatusCode(response, 200): Verify response status code successfully

05-09-2024T17:49:42 - [MESSAGE][PASSED] - Verify response status code successfully

05-09-2024T17:49:42 - [TEST_STEP][PASSED] - getStatusCode()).isEqualTo(200): null

05-09-2024T17:49:43 - [TEST_STEP][PASSED] - getStatusCode()).isIn(Arrays.asList(200, 201, 202)): null

05-09-2024T17:49:43 - [TEST_STEP][PASSED] - verifyElementPropertyValue(response, "data[0].first_name", "George"): Verify element property value successfully

05-09-2024T17:49:44 - [MESSAGE][PASSED] - Verify element property value successfully

05-09-2024T17:49:44 - [MESSAGE][PASSED] - Verify response successfully

05-09-2024T17:49:44 - [MESSAGE][PASSED] - All validation steps have been passed

05-09-2024T17:49:44 - [MESSAGE][PASSED] - Send request and verify the response successfully

05-09-2024T17:49:44 - [TEST_STEP][PASSED] - verifyResponseStatusCode(response, 200): Verify response status code successfully

05-09-2024T17:49:44 - [MESSAGE][PASSED] - Verify response status code successfully

05-09-2024T17:49:44 - [TEST_STEP][PASSED] - verifyElementsCount(response, "data.first_name", 6): Verify element count successfully

05-09-2024T17:49:45 - [MESSAGE][PASSED] - Verify element count successfully

05-09-2024T17:49:45 - [TEST_STEP][PASSED] - verifyElementPropertyValue(response, "data[0].first_name", "George"): Verify element property value successfully

05-09-2024T17:49:45 - [MESSAGE][PASSED] - Verify element property value successfully]]></system-out>
         <system-err><![CDATA[]]></system-err>
      </testcase>
      <testcase name="Test Cases/TC02-Validation Response Create User" time="2.768" classname="Test Cases/TC02-Validation Response Create User" status="PASSED">
         <system-out><![CDATA[05-09-2024T17:49:45 - [TEST_CASE][PASSED] - Test Cases/TC02-Validation Response Create User: Test Cases/TC02-Validation Response Create User

05-09-2024T17:49:46 - [TEST_STEP][PASSED] - sendRequest(findTestObject("Post User/Create User")): Send request successfully

05-09-2024T17:49:46 - [MESSAGE][INFO] - HAR: C:\Users\Majoo\git\reqres-API-test\Reports\20240905_174904\Regression Test\20240905_174904\requests\main\2.har

05-09-2024T17:49:46 - [MESSAGE][PASSED] - Send request successfully

05-09-2024T17:49:46 - [TEST_STEP][PASSED] - response = sendRequestAndVerify(findTestObject("Post User/Create User")): Send request and verify the response successfully

05-09-2024T17:49:47 - [MESSAGE][INFO] - HAR: C:\Users\Majoo\git\reqres-API-test\Reports\20240905_174904\Regression Test\20240905_174904\requests\main\3.har

05-09-2024T17:49:47 - [TEST_CASE][PASSED] - Start Test Case : Verification: Verification accomplished successfully

05-09-2024T17:49:48 - [TEST_STEP][PASSED] - request = getInstance().getCurrentRequest(): null

05-09-2024T17:49:48 - [TEST_STEP][PASSED] - response = getInstance().getCurrentResponse(): null

05-09-2024T17:49:48 - [TEST_STEP][PASSED] - verifyResponseStatusCode(response, 201): Verify response status code successfully

05-09-2024T17:49:48 - [MESSAGE][PASSED] - Verify response status code successfully

05-09-2024T17:49:48 - [TEST_STEP][PASSED] - getStatusCode()).isEqualTo(201): null

05-09-2024T17:49:48 - [TEST_STEP][PASSED] - getStatusCode()).isIn(Arrays.asList(200, 201, 202)): null

05-09-2024T17:49:48 - [MESSAGE][PASSED] - Verify response successfully

05-09-2024T17:49:48 - [MESSAGE][PASSED] - All validation steps have been passed

05-09-2024T17:49:48 - [MESSAGE][PASSED] - Send request and verify the response successfully

05-09-2024T17:49:48 - [TEST_STEP][PASSED] - verifyResponseStatusCode(response, 201): Verify response status code successfully

05-09-2024T17:49:48 - [MESSAGE][PASSED] - Verify response status code successfully]]></system-out>
         <system-err><![CDATA[]]></system-err>
      </testcase>
      <testcase name="Test Cases/TC03-Validation Response Register Success" time="1.909" classname="Test Cases/TC03-Validation Response Register Success" status="PASSED">
         <system-out><![CDATA[05-09-2024T17:49:48 - [TEST_CASE][PASSED] - Test Cases/TC03-Validation Response Register Success: Test Cases/TC03-Validation Response Register Success

05-09-2024T17:49:48 - [TEST_STEP][PASSED] - sendRequest(findTestObject("Post User/Register Success - 1")): Send request successfully

05-09-2024T17:49:48 - [MESSAGE][INFO] - HAR: C:\Users\Majoo\git\reqres-API-test\Reports\20240905_174904\Regression Test\20240905_174904\requests\main\4.har

05-09-2024T17:49:48 - [MESSAGE][PASSED] - Send request successfully

05-09-2024T17:49:48 - [TEST_STEP][PASSED] - response = sendRequestAndVerify(findTestObject("Post User/Register Success - 1")): Send request and verify the response successfully

05-09-2024T17:49:49 - [MESSAGE][INFO] - HAR: C:\Users\Majoo\git\reqres-API-test\Reports\20240905_174904\Regression Test\20240905_174904\requests\main\5.har

05-09-2024T17:49:49 - [TEST_CASE][PASSED] - Start Test Case : Verification: Verification accomplished successfully

05-09-2024T17:49:50 - [TEST_STEP][PASSED] - request = getInstance().getCurrentRequest(): null

05-09-2024T17:49:50 - [TEST_STEP][PASSED] - response = getInstance().getCurrentResponse(): null

05-09-2024T17:49:50 - [TEST_STEP][PASSED] - verifyResponseStatusCode(response, 200): Verify response status code successfully

05-09-2024T17:49:50 - [MESSAGE][PASSED] - Verify response status code successfully

05-09-2024T17:49:50 - [TEST_STEP][PASSED] - getStatusCode()).isEqualTo(200): null

05-09-2024T17:49:50 - [TEST_STEP][PASSED] - getStatusCode()).isIn(Arrays.asList(200, 201, 202)): null

05-09-2024T17:49:50 - [MESSAGE][PASSED] - Verify response successfully

05-09-2024T17:49:50 - [MESSAGE][PASSED] - All validation steps have been passed

05-09-2024T17:49:50 - [MESSAGE][PASSED] - Send request and verify the response successfully

05-09-2024T17:49:50 - [TEST_STEP][PASSED] - verifyResponseStatusCode(response, 200): Verify response status code successfully

05-09-2024T17:49:50 - [MESSAGE][PASSED] - Verify response status code successfully]]></system-out>
         <system-err><![CDATA[]]></system-err>
      </testcase>
      <testcase name="Test Cases/TC04-Validation Response Login Success" time="1.462" classname="Test Cases/TC04-Validation Response Login Success" status="PASSED">
         <system-out><![CDATA[05-09-2024T17:49:50 - [TEST_CASE][PASSED] - Test Cases/TC04-Validation Response Login Success: Test Cases/TC04-Validation Response Login Success

05-09-2024T17:49:50 - [TEST_STEP][PASSED] - sendRequest(findTestObject("Post User/Login Success")): Send request successfully

05-09-2024T17:49:50 - [MESSAGE][INFO] - HAR: C:\Users\Majoo\git\reqres-API-test\Reports\20240905_174904\Regression Test\20240905_174904\requests\main\6.har

05-09-2024T17:49:50 - [MESSAGE][PASSED] - Send request successfully

05-09-2024T17:49:50 - [TEST_STEP][PASSED] - response = sendRequestAndVerify(findTestObject("Post User/Login Success")): Send request and verify the response successfully

05-09-2024T17:49:51 - [MESSAGE][INFO] - HAR: C:\Users\Majoo\git\reqres-API-test\Reports\20240905_174904\Regression Test\20240905_174904\requests\main\7.har

05-09-2024T17:49:51 - [TEST_CASE][PASSED] - Start Test Case : Verification: Verification accomplished successfully

05-09-2024T17:49:51 - [TEST_STEP][PASSED] - request = getInstance().getCurrentRequest(): null

05-09-2024T17:49:51 - [TEST_STEP][PASSED] - response = getInstance().getCurrentResponse(): null

05-09-2024T17:49:51 - [TEST_STEP][PASSED] - verifyResponseStatusCode(response, 200): Verify response status code successfully

05-09-2024T17:49:51 - [MESSAGE][PASSED] - Verify response status code successfully

05-09-2024T17:49:51 - [TEST_STEP][PASSED] - getStatusCode()).isEqualTo(200): null

05-09-2024T17:49:51 - [TEST_STEP][PASSED] - getStatusCode()).isIn(Arrays.asList(200, 201, 202)): null

05-09-2024T17:49:51 - [MESSAGE][PASSED] - Verify response successfully

05-09-2024T17:49:51 - [MESSAGE][PASSED] - All validation steps have been passed

05-09-2024T17:49:51 - [MESSAGE][PASSED] - Send request and verify the response successfully

05-09-2024T17:49:51 - [TEST_STEP][PASSED] - verifyResponseStatusCode(response, 200): Verify response status code successfully

05-09-2024T17:49:51 - [MESSAGE][PASSED] - Verify response status code successfully]]></system-out>
         <system-err><![CDATA[]]></system-err>
      </testcase>
      <testcase name="Test Cases/TC05-Validation Response PUT Update User" time="1.462" classname="Test Cases/TC05-Validation Response PUT Update User" status="PASSED">
         <system-out><![CDATA[05-09-2024T17:49:51 - [TEST_CASE][PASSED] - Test Cases/TC05-Validation Response PUT Update User: Test Cases/TC05-Validation Response PUT Update User

05-09-2024T17:49:52 - [TEST_STEP][PASSED] - sendRequest(findTestObject("Update User/Put User")): Send request successfully

05-09-2024T17:49:52 - [MESSAGE][INFO] - HAR: C:\Users\Majoo\git\reqres-API-test\Reports\20240905_174904\Regression Test\20240905_174904\requests\main\8.har

05-09-2024T17:49:52 - [MESSAGE][PASSED] - Send request successfully

05-09-2024T17:49:52 - [TEST_STEP][PASSED] - response = sendRequestAndVerify(findTestObject("Update User/Put User")): Send request and verify the response successfully

05-09-2024T17:49:53 - [MESSAGE][INFO] - HAR: C:\Users\Majoo\git\reqres-API-test\Reports\20240905_174904\Regression Test\20240905_174904\requests\main\9.har

05-09-2024T17:49:53 - [TEST_CASE][PASSED] - Start Test Case : Verification: Verification accomplished successfully

05-09-2024T17:49:53 - [TEST_STEP][PASSED] - request = getInstance().getCurrentRequest(): null

05-09-2024T17:49:53 - [TEST_STEP][PASSED] - response = getInstance().getCurrentResponse(): null

05-09-2024T17:49:53 - [TEST_STEP][PASSED] - verifyResponseStatusCode(response, 200): Verify response status code successfully

05-09-2024T17:49:53 - [MESSAGE][PASSED] - Verify response status code successfully

05-09-2024T17:49:53 - [TEST_STEP][PASSED] - getStatusCode()).isEqualTo(200): null

05-09-2024T17:49:53 - [TEST_STEP][PASSED] - getStatusCode()).isIn(Arrays.asList(200, 201, 202)): null

05-09-2024T17:49:53 - [MESSAGE][PASSED] - Verify response successfully

05-09-2024T17:49:53 - [MESSAGE][PASSED] - All validation steps have been passed

05-09-2024T17:49:53 - [MESSAGE][PASSED] - Send request and verify the response successfully

05-09-2024T17:49:53 - [TEST_STEP][PASSED] - verifyResponseStatusCode(response, 200): Verify response status code successfully

05-09-2024T17:49:53 - [MESSAGE][PASSED] - Verify response status code successfully]]></system-out>
         <system-err><![CDATA[]]></system-err>
      </testcase>
      <testcase name="Test Cases/TC06-Validation response Delete User" time="1.653" classname="Test Cases/TC06-Validation response Delete User" status="PASSED">
         <system-out><![CDATA[05-09-2024T17:49:53 - [TEST_CASE][PASSED] - Test Cases/TC06-Validation response Delete User: Test Cases/TC06-Validation response Delete User

05-09-2024T17:49:53 - [TEST_STEP][PASSED] - sendRequest(findTestObject("Delete User/Delete User")): Send request successfully

05-09-2024T17:49:54 - [MESSAGE][INFO] - HAR: C:\Users\Majoo\git\reqres-API-test\Reports\20240905_174904\Regression Test\20240905_174904\requests\main\10.har

05-09-2024T17:49:54 - [MESSAGE][PASSED] - Send request successfully

05-09-2024T17:49:54 - [TEST_STEP][PASSED] - response = sendRequestAndVerify(findTestObject("Delete User/Delete User")): Send request and verify the response successfully

05-09-2024T17:49:54 - [MESSAGE][INFO] - HAR: C:\Users\Majoo\git\reqres-API-test\Reports\20240905_174904\Regression Test\20240905_174904\requests\main\11.har

05-09-2024T17:49:54 - [TEST_CASE][PASSED] - Start Test Case : Verification: Verification accomplished successfully

05-09-2024T17:49:54 - [TEST_STEP][PASSED] - request = getInstance().getCurrentRequest(): null

05-09-2024T17:49:54 - [TEST_STEP][PASSED] - response = getInstance().getCurrentResponse(): null

05-09-2024T17:49:54 - [MESSAGE][PASSED] - Verify response successfully

05-09-2024T17:49:54 - [MESSAGE][PASSED] - All validation steps have been passed

05-09-2024T17:49:54 - [MESSAGE][PASSED] - Send request and verify the response successfully

05-09-2024T17:49:54 - [TEST_STEP][PASSED] - verifyResponseStatusCode(response, 204): Verify response status code successfully

05-09-2024T17:49:54 - [MESSAGE][PASSED] - Verify response status code successfully]]></system-out>
         <system-err><![CDATA[]]></system-err>
      </testcase>
      <testcase name="Test Cases/TC07-Validation Response Get Delayed" time="8.619" classname="Test Cases/TC07-Validation Response Get Delayed" status="PASSED">
         <system-out><![CDATA[05-09-2024T17:49:54 - [TEST_CASE][PASSED] - Test Cases/TC07-Validation Response Get Delayed: Test Cases/TC07-Validation Response Get Delayed

05-09-2024T17:49:55 - [TEST_STEP][PASSED] - sendRequest(findTestObject("Get Delay/Delayed Response")): Send request successfully

05-09-2024T17:49:58 - [MESSAGE][INFO] - HAR: C:\Users\Majoo\git\reqres-API-test\Reports\20240905_174904\Regression Test\20240905_174904\requests\main\12.har

05-09-2024T17:49:58 - [MESSAGE][PASSED] - Send request successfully

05-09-2024T17:49:58 - [TEST_STEP][PASSED] - response = sendRequestAndVerify(findTestObject("Get Delay/Delayed Response")): Send request and verify the response successfully

05-09-2024T17:50:02 - [MESSAGE][INFO] - HAR: C:\Users\Majoo\git\reqres-API-test\Reports\20240905_174904\Regression Test\20240905_174904\requests\main\13.har

05-09-2024T17:50:02 - [TEST_CASE][PASSED] - Start Test Case : Verification: Verification accomplished successfully

05-09-2024T17:50:03 - [TEST_STEP][PASSED] - request = getInstance().getCurrentRequest(): null

05-09-2024T17:50:03 - [TEST_STEP][PASSED] - response = getInstance().getCurrentResponse(): null

05-09-2024T17:50:03 - [TEST_STEP][PASSED] - verifyResponseStatusCode(response, 200): Verify response status code successfully

05-09-2024T17:50:03 - [MESSAGE][PASSED] - Verify response status code successfully

05-09-2024T17:50:03 - [TEST_STEP][PASSED] - getStatusCode()).isEqualTo(200): null

05-09-2024T17:50:03 - [TEST_STEP][PASSED] - getStatusCode()).isIn(Arrays.asList(200, 201, 202)): null

05-09-2024T17:50:03 - [MESSAGE][PASSED] - Verify response successfully

05-09-2024T17:50:03 - [MESSAGE][PASSED] - All validation steps have been passed

05-09-2024T17:50:03 - [MESSAGE][PASSED] - Send request and verify the response successfully

05-09-2024T17:50:03 - [TEST_STEP][PASSED] - verifyResponseStatusCode(response, 200): Verify response status code successfully

05-09-2024T17:50:03 - [MESSAGE][PASSED] - Verify response status code successfully]]></system-out>
         <system-err><![CDATA[]]></system-err>
      </testcase>
      <testcase name="Test Cases/TC08-Validation Response List Resource" time="0.883" classname="Test Cases/TC08-Validation Response List Resource" status="PASSED">
         <system-out><![CDATA[05-09-2024T17:50:03 - [TEST_CASE][PASSED] - Test Cases/TC08-Validation Response List Resource: Test Cases/TC08-Validation Response List Resource

05-09-2024T17:50:04 - [TEST_STEP][PASSED] - sendRequest(findTestObject("Get Resource/List resource")): Send request successfully

05-09-2024T17:50:04 - [MESSAGE][INFO] - HAR: C:\Users\Majoo\git\reqres-API-test\Reports\20240905_174904\Regression Test\20240905_174904\requests\main\14.har

05-09-2024T17:50:04 - [MESSAGE][PASSED] - Send request successfully

05-09-2024T17:50:04 - [TEST_STEP][PASSED] - response = sendRequestAndVerify(findTestObject("Get Resource/List resource")): Send request and verify the response successfully

05-09-2024T17:50:04 - [MESSAGE][INFO] - HAR: C:\Users\Majoo\git\reqres-API-test\Reports\20240905_174904\Regression Test\20240905_174904\requests\main\15.har

05-09-2024T17:50:04 - [TEST_CASE][PASSED] - Start Test Case : Verification: Verification accomplished successfully

05-09-2024T17:50:04 - [TEST_STEP][PASSED] - request = getInstance().getCurrentRequest(): null

05-09-2024T17:50:04 - [TEST_STEP][PASSED] - response = getInstance().getCurrentResponse(): null

05-09-2024T17:50:04 - [TEST_STEP][PASSED] - verifyResponseStatusCode(response, 200): Verify response status code successfully

05-09-2024T17:50:04 - [MESSAGE][PASSED] - Verify response status code successfully

05-09-2024T17:50:04 - [TEST_STEP][PASSED] - getStatusCode()).isEqualTo(200): null

05-09-2024T17:50:04 - [TEST_STEP][PASSED] - getStatusCode()).isIn(Arrays.asList(200, 201, 202)): null

05-09-2024T17:50:04 - [MESSAGE][PASSED] - Verify response successfully

05-09-2024T17:50:04 - [MESSAGE][PASSED] - All validation steps have been passed

05-09-2024T17:50:04 - [MESSAGE][PASSED] - Send request and verify the response successfully

05-09-2024T17:50:04 - [TEST_STEP][PASSED] - verifyResponseStatusCode(response, 200): Verify response status code successfully

05-09-2024T17:50:04 - [MESSAGE][PASSED] - Verify response status code successfully]]></system-out>
         <system-err><![CDATA[]]></system-err>
      </testcase>
      <testcase name="Test Cases/TC09-Validation Response Login Unsuccessful" time="2.884" classname="Test Cases/TC09-Validation Response Login Unsuccessful" status="PASSED">
         <system-out><![CDATA[05-09-2024T17:50:04 - [TEST_CASE][PASSED] - Test Cases/TC09-Validation Response Login Unsuccessful: Test Cases/TC09-Validation Response Login Unsuccessful

05-09-2024T17:50:04 - [TEST_STEP][PASSED] - sendRequest(findTestObject("Post User/Login Unsuccess - 1")): Send request successfully

05-09-2024T17:50:05 - [MESSAGE][INFO] - HAR: C:\Users\Majoo\git\reqres-API-test\Reports\20240905_174904\Regression Test\20240905_174904\requests\main\16.har

05-09-2024T17:50:05 - [MESSAGE][PASSED] - Send request successfully

05-09-2024T17:50:05 - [TEST_STEP][PASSED] - response = sendRequestAndVerify(findTestObject("Post User/Login Unsuccess - 1")): Send request and verify the response successfully

05-09-2024T17:50:05 - [MESSAGE][INFO] - HAR: C:\Users\Majoo\git\reqres-API-test\Reports\20240905_174904\Regression Test\20240905_174904\requests\main\17.har

05-09-2024T17:50:05 - [TEST_CASE][PASSED] - Start Test Case : Verification: Verification accomplished successfully

05-09-2024T17:50:07 - [TEST_STEP][PASSED] - request = getInstance().getCurrentRequest(): null

05-09-2024T17:50:07 - [TEST_STEP][PASSED] - response = getInstance().getCurrentResponse(): null

05-09-2024T17:50:07 - [TEST_STEP][PASSED] - verifyResponseStatusCode(response, 400): Verify response status code successfully

05-09-2024T17:50:07 - [MESSAGE][PASSED] - Verify response status code successfully

05-09-2024T17:50:07 - [TEST_STEP][PASSED] - getStatusCode()).isEqualTo(400): null

05-09-2024T17:50:07 - [TEST_STEP][PASSED] - getStatusCode()).isIn(Arrays.asList(400)): null

05-09-2024T17:50:07 - [MESSAGE][PASSED] - Verify response successfully

05-09-2024T17:50:07 - [MESSAGE][PASSED] - All validation steps have been passed

05-09-2024T17:50:07 - [MESSAGE][PASSED] - Send request and verify the response successfully

05-09-2024T17:50:07 - [TEST_STEP][PASSED] - verifyResponseStatusCode(response, 400): Verify response status code successfully

05-09-2024T17:50:07 - [MESSAGE][PASSED] - Verify response status code successfully]]></system-out>
         <system-err><![CDATA[]]></system-err>
      </testcase>
      <testcase name="Test Cases/TC10-Validation Response Register Unsuccessful" time="1.332" classname="Test Cases/TC10-Validation Response Register Unsuccessful" status="PASSED">
         <system-out><![CDATA[05-09-2024T17:50:07 - [TEST_CASE][PASSED] - Test Cases/TC10-Validation Response Register Unsuccessful: Test Cases/TC10-Validation Response Register Unsuccessful

05-09-2024T17:50:07 - [TEST_STEP][PASSED] - sendRequest(findTestObject("Post User/Register Unsuccess - 1")): Send request successfully

05-09-2024T17:50:08 - [MESSAGE][INFO] - HAR: C:\Users\Majoo\git\reqres-API-test\Reports\20240905_174904\Regression Test\20240905_174904\requests\main\18.har

05-09-2024T17:50:08 - [MESSAGE][PASSED] - Send request successfully

05-09-2024T17:50:08 - [TEST_STEP][PASSED] - response = sendRequestAndVerify(findTestObject("Post User/Register Unsuccess - 1")): Send request and verify the response successfully

05-09-2024T17:50:08 - [MESSAGE][INFO] - HAR: C:\Users\Majoo\git\reqres-API-test\Reports\20240905_174904\Regression Test\20240905_174904\requests\main\19.har

05-09-2024T17:50:08 - [TEST_CASE][PASSED] - Start Test Case : Verification: Verification accomplished successfully

05-09-2024T17:50:08 - [TEST_STEP][PASSED] - request = getInstance().getCurrentRequest(): null

05-09-2024T17:50:08 - [TEST_STEP][PASSED] - response = getInstance().getCurrentResponse(): null

05-09-2024T17:50:08 - [TEST_STEP][PASSED] - verifyResponseStatusCode(response, 400): Verify response status code successfully

05-09-2024T17:50:08 - [MESSAGE][PASSED] - Verify response status code successfully

05-09-2024T17:50:08 - [TEST_STEP][PASSED] - getStatusCode()).isEqualTo(400): null

05-09-2024T17:50:08 - [TEST_STEP][PASSED] - getStatusCode()).isIn(Arrays.asList(400)): null

05-09-2024T17:50:08 - [MESSAGE][PASSED] - Verify response successfully

05-09-2024T17:50:08 - [MESSAGE][PASSED] - All validation steps have been passed

05-09-2024T17:50:08 - [MESSAGE][PASSED] - Send request and verify the response successfully

05-09-2024T17:50:08 - [TEST_STEP][PASSED] - verifyResponseStatusCode(response, 400): Verify response status code successfully

05-09-2024T17:50:08 - [MESSAGE][PASSED] - Verify response status code successfully]]></system-out>
         <system-err><![CDATA[]]></system-err>
      </testcase>
      <testcase name="Test Cases/TC11-Validation Response List Page 2" time="1.636" classname="Test Cases/TC11-Validation Response List Page 2" status="PASSED">
         <system-out><![CDATA[05-09-2024T17:50:08 - [TEST_CASE][PASSED] - Test Cases/TC11-Validation Response List Page 2: Test Cases/TC11-Validation Response List Page 2

05-09-2024T17:50:08 - [TEST_STEP][PASSED] - sendRequest(findTestObject("Get User/List User by page 2")): Send request successfully

05-09-2024T17:50:09 - [MESSAGE][INFO] - HAR: C:\Users\Majoo\git\reqres-API-test\Reports\20240905_174904\Regression Test\20240905_174904\requests\main\20.har

05-09-2024T17:50:09 - [MESSAGE][PASSED] - Send request successfully

05-09-2024T17:50:09 - [TEST_STEP][PASSED] - response = sendRequestAndVerify(findTestObject("Get User/List User by page 2")): Send request and verify the response successfully

05-09-2024T17:50:09 - [MESSAGE][INFO] - HAR: C:\Users\Majoo\git\reqres-API-test\Reports\20240905_174904\Regression Test\20240905_174904\requests\main\21.har

05-09-2024T17:50:09 - [TEST_CASE][PASSED] - Start Test Case : Verification: Verification accomplished successfully

05-09-2024T17:50:10 - [TEST_STEP][PASSED] - request = getInstance().getCurrentRequest(): null

05-09-2024T17:50:10 - [TEST_STEP][PASSED] - response = getInstance().getCurrentResponse(): null

05-09-2024T17:50:10 - [TEST_STEP][PASSED] - verifyResponseStatusCode(response, 200): Verify response status code successfully

05-09-2024T17:50:10 - [MESSAGE][PASSED] - Verify response status code successfully

05-09-2024T17:50:10 - [TEST_STEP][PASSED] - getStatusCode()).isEqualTo(200): null

05-09-2024T17:50:10 - [TEST_STEP][PASSED] - verifyResponseStatusCode(response, 200): Verify response status code successfully

05-09-2024T17:50:10 - [MESSAGE][PASSED] - Verify response status code successfully

05-09-2024T17:50:10 - [TEST_STEP][PASSED] - getStatusCode()).isEqualTo(200): null

05-09-2024T17:50:10 - [TEST_STEP][PASSED] - getStatusCode()).isIn(Arrays.asList(200, 201, 202)): null

05-09-2024T17:50:10 - [TEST_STEP][PASSED] - verifyElementPropertyValue(response, "data[0].last_name", "Lawson"): Verify element property value successfully

05-09-2024T17:50:10 - [MESSAGE][PASSED] - Verify element property value successfully

05-09-2024T17:50:10 - [MESSAGE][PASSED] - Verify response successfully

05-09-2024T17:50:10 - [MESSAGE][PASSED] - All validation steps have been passed

05-09-2024T17:50:10 - [MESSAGE][PASSED] - Send request and verify the response successfully

05-09-2024T17:50:10 - [TEST_STEP][PASSED] - verifyResponseStatusCode(response, 200): Verify response status code successfully

05-09-2024T17:50:10 - [MESSAGE][PASSED] - Verify response status code successfully]]></system-out>
         <system-err><![CDATA[]]></system-err>
      </testcase>
      <testcase name="Test Cases/TC12-Validation Response and Verify JSON List User Page 2 Last Name" time="0.619" classname="Test Cases/TC12-Validation Response and Verify JSON List User Page 2 Last Name" status="PASSED">
         <system-out><![CDATA[05-09-2024T17:50:10 - [TEST_CASE][PASSED] - Test Cases/TC12-Validation Response and Verify JSON List User Page 2 Last Name: Test Cases/TC12-Validation Response and Verify JSON List User Page 2 Last Name

05-09-2024T17:50:10 - [TEST_STEP][PASSED] - sendRequest(findTestObject("Get User/List User by page 2")): Send request successfully

05-09-2024T17:50:10 - [MESSAGE][INFO] - HAR: C:\Users\Majoo\git\reqres-API-test\Reports\20240905_174904\Regression Test\20240905_174904\requests\main\22.har

05-09-2024T17:50:10 - [MESSAGE][PASSED] - Send request successfully

05-09-2024T17:50:10 - [TEST_STEP][PASSED] - response = sendRequestAndVerify(findTestObject("Get User/List User by page 2")): Send request and verify the response successfully

05-09-2024T17:50:10 - [MESSAGE][INFO] - HAR: C:\Users\Majoo\git\reqres-API-test\Reports\20240905_174904\Regression Test\20240905_174904\requests\main\23.har

05-09-2024T17:50:10 - [TEST_CASE][PASSED] - Start Test Case : Verification: Verification accomplished successfully

05-09-2024T17:50:10 - [TEST_STEP][PASSED] - request = getInstance().getCurrentRequest(): null

05-09-2024T17:50:10 - [TEST_STEP][PASSED] - response = getInstance().getCurrentResponse(): null

05-09-2024T17:50:10 - [TEST_STEP][PASSED] - verifyResponseStatusCode(response, 200): Verify response status code successfully

05-09-2024T17:50:10 - [MESSAGE][PASSED] - Verify response status code successfully

05-09-2024T17:50:10 - [TEST_STEP][PASSED] - getStatusCode()).isEqualTo(200): null

05-09-2024T17:50:10 - [TEST_STEP][PASSED] - verifyResponseStatusCode(response, 200): Verify response status code successfully

05-09-2024T17:50:10 - [MESSAGE][PASSED] - Verify response status code successfully

05-09-2024T17:50:10 - [TEST_STEP][PASSED] - getStatusCode()).isEqualTo(200): null

05-09-2024T17:50:10 - [TEST_STEP][PASSED] - getStatusCode()).isIn(Arrays.asList(200, 201, 202)): null

05-09-2024T17:50:10 - [TEST_STEP][PASSED] - verifyElementPropertyValue(response, "data[0].last_name", "Lawson"): Verify element property value successfully

05-09-2024T17:50:10 - [MESSAGE][PASSED] - Verify element property value successfully

05-09-2024T17:50:10 - [MESSAGE][PASSED] - Verify response successfully

05-09-2024T17:50:10 - [MESSAGE][PASSED] - All validation steps have been passed

05-09-2024T17:50:10 - [MESSAGE][PASSED] - Send request and verify the response successfully

05-09-2024T17:50:10 - [TEST_STEP][PASSED] - verifyResponseStatusCode(response, 200): Verify response status code successfully

05-09-2024T17:50:10 - [MESSAGE][PASSED] - Verify response status code successfully

05-09-2024T17:50:10 - [TEST_STEP][PASSED] - verifyElementPropertyValue(response, "data[0].last_name", "Lawson"): Verify element property value successfully

05-09-2024T17:50:10 - [MESSAGE][PASSED] - Verify element property value successfully]]></system-out>
         <system-err><![CDATA[]]></system-err>
      </testcase>
      <system-out><![CDATA[05-09-2024T17:49:27 - [TEST_SUITE][PASSED] - Regression Test: Test Cases/TC12-Validation Response and Verify JSON List User Page 2 Last Name]]></system-out>
      <system-err><![CDATA[]]></system-err>
   </testsuite>
</testsuites>
